<?xml version="1.0" encoding="UTF-8"?>
<!-- Generated by org.testng.reporters.JUnitReportReporter -->
<testsuite hostname="DESKTOP-C2S5MS9" failures="0" tests="1" name="com.myshop.testcases.TC01VerifyLoginPage" time="17.882" errors="0" timestamp="2023-08-02T10:36:56 IST" skipped="0">
  <testcase classname="com.myshop.testcases.TC01VerifyLoginPage" name="loginTest" time="17.882"/>
  <system-out/>
</testsuite> <!-- com.myshop.testcases.TC01VerifyLoginPage -->
